/*C5*/SET SCHEMA PUBLIC
create table if not exists Pages (Id integer identity primary key, Name varchar(255) unique, Content clob)
DELETE FROM PAGES WHERE ID=1
SET SCHEMA SYSTEM_LOBS
DELETE FROM LOB_IDS WHERE LOB_ID=3
INSERT INTO LOB_IDS VALUES(3,12,0,40)
COMMIT
/*C1*/SET SCHEMA SYSTEM_LOBS
INSERT INTO LOB_IDS VALUES(4,67,0,40)
ALTER SEQUENCE SYSTEM_LOBS.LOB_ID RESTART WITH 5
COMMIT
DELETE FROM BLOCKS WHERE BLOCK_ADDR=3
INSERT INTO BLOCKS VALUES(3,1,0)
INSERT INTO BLOCKS VALUES(4,2147483643,0)
DELETE FROM BLOCKS WHERE BLOCK_ADDR=3
INSERT INTO LOBS VALUES(3,1,0,4)
COMMIT
/*C5*/SET SCHEMA PUBLIC
INSERT INTO PAGES VALUES(2,'manu',4)
SET SCHEMA SYSTEM_LOBS
DELETE FROM LOB_IDS WHERE LOB_ID=4
INSERT INTO LOB_IDS VALUES(4,67,1,40)
COMMIT
/*C1*/INSERT INTO LOB_IDS VALUES(5,67,0,40)
ALTER SEQUENCE SYSTEM_LOBS.LOB_ID RESTART WITH 6
COMMIT
DELETE FROM BLOCKS WHERE BLOCK_ADDR=4
INSERT INTO BLOCKS VALUES(4,1,0)
INSERT INTO BLOCKS VALUES(5,2147483642,0)
DELETE FROM BLOCKS WHERE BLOCK_ADDR=4
INSERT INTO LOBS VALUES(4,1,0,5)
COMMIT
/*C5*/SET SCHEMA PUBLIC
DELETE FROM PAGES WHERE ID=2
INSERT INTO PAGES VALUES(2,'manu',5)
SET SCHEMA SYSTEM_LOBS
DELETE FROM LOB_IDS WHERE LOB_ID=4
INSERT INTO LOB_IDS VALUES(4,67,0,40)
DELETE FROM LOB_IDS WHERE LOB_ID=5
INSERT INTO LOB_IDS VALUES(5,67,1,40)
COMMIT
SET SCHEMA PUBLIC
DELETE FROM PAGES WHERE ID=0
SET SCHEMA SYSTEM_LOBS
DELETE FROM LOB_IDS WHERE LOB_ID=1
INSERT INTO LOB_IDS VALUES(1,70,0,40)
COMMIT
/*C1*/INSERT INTO LOB_IDS VALUES(6,101,0,40)
ALTER SEQUENCE SYSTEM_LOBS.LOB_ID RESTART WITH 7
COMMIT
DELETE FROM BLOCKS WHERE BLOCK_ADDR=5
INSERT INTO BLOCKS VALUES(5,1,0)
INSERT INTO BLOCKS VALUES(6,2147483641,0)
DELETE FROM BLOCKS WHERE BLOCK_ADDR=5
INSERT INTO LOBS VALUES(5,1,0,6)
COMMIT
/*C5*/SET SCHEMA PUBLIC
INSERT INTO PAGES VALUES(3,'waah modi ji waah',6)
SET SCHEMA SYSTEM_LOBS
DELETE FROM LOB_IDS WHERE LOB_ID=6
INSERT INTO LOB_IDS VALUES(6,101,1,40)
COMMIT
SET SCHEMA PUBLIC
DISCONNECT
/*C6*/SET SCHEMA PUBLIC
DISCONNECT
/*C7*/SET SCHEMA PUBLIC
DISCONNECT
